-------------------------------------------------------------------------------
Test set: it.io.openliberty.guides.security.SecurityIT
-------------------------------------------------------------------------------
Tests run: 4, Failures: 3, Errors: 0, Skipped: 0, Time elapsed: 20.811 s <<< FAILURE! - in it.io.openliberty.guides.security.SecurityIT
testAuthorizationFail  Time elapsed: 17.843 s  <<< FAILURE!
org.opentest4j.AssertionFailedError: Expected 403 status code for login ==> expected: <403> but was: <200>
	at it.io.openliberty.guides.security.SecurityIT.executeURL(SecurityIT.java:127)
	at it.io.openliberty.guides.security.SecurityIT.testAuthorizationFail(SecurityIT.java:77)

testAuthorizationForUser  Time elapsed: 1.758 s  <<< FAILURE!
org.opentest4j.AssertionFailedError: 
The actual content did not contain the userid "alice". It was:
<!-- tag::comment[] -->
<!--
  Copyright (c) 2018 IBM Corporation and others.
  All rights reserved. This program and the accompanying materials
  are made available under the terms of the Eclipse Public License v1.0
  which accompanies this distribution, and is available at
  http://www.eclipse.org/legal/epl-v10.html
  Contributors:
      IBM Corporation - initial API and implementation
-->
<!-- end::comment[] -->
<html>
    <title>Securing Web Application</title>
    <body>
      <h2>Welcome to Sample Application</h2>
      This is a protected application. Login to continue.
      <FORM METHOD=POST ACTION="MyLoginController">
        <p>
          <BR>
          Username
          <input type="text" size="20" name="j_username">
        </p>
        <p>
          <BR>
          Captcha
          <input type="text" size="20" name="captcha">        
        </p>
        <p>
          Password
          <input type="password" size="20" name="j_password" autocomplete="off">
          <BR>
          <BR>
          <input type="submit" name="Go" value="Go">
        </p>
      </form>
      <script type="text/javascript">
        // Force safari to refresh the page
        // if a cached copy was loaded
        // from the browser back-forward cache.
        window.onpageshow = function(e) {
          if (e.persisted) {
            window.location.reload();
          }
        }
      </script>
    </body>
</html>
 ==> expected: <true> but was: <false>
	at it.io.openliberty.guides.security.SecurityIT.executeURL(SecurityIT.java:137)
	at it.io.openliberty.guides.security.SecurityIT.testAuthorizationForUser(SecurityIT.java:69)

testAuthorizationForAdmin  Time elapsed: 1.158 s  <<< FAILURE!
org.opentest4j.AssertionFailedError: 
The actual content did not contain the userid "bob". It was:
<!-- tag::comment[] -->
<!--
  Copyright (c) 2018 IBM Corporation and others.
  All rights reserved. This program and the accompanying materials
  are made available under the terms of the Eclipse Public License v1.0
  which accompanies this distribution, and is available at
  http://www.eclipse.org/legal/epl-v10.html
  Contributors:
      IBM Corporation - initial API and implementation
-->
<!-- end::comment[] -->
<html>
    <title>Securing Web Application</title>
    <body>
      <h2>Welcome to Sample Application</h2>
      This is a protected application. Login to continue.
      <FORM METHOD=POST ACTION="MyLoginController">
        <p>
          <BR>
          Username
          <input type="text" size="20" name="j_username">
        </p>
        <p>
          <BR>
          Captcha
          <input type="text" size="20" name="captcha">        
        </p>
        <p>
          Password
          <input type="password" size="20" name="j_password" autocomplete="off">
          <BR>
          <BR>
          <input type="submit" name="Go" value="Go">
        </p>
      </form>
      <script type="text/javascript">
        // Force safari to refresh the page
        // if a cached copy was loaded
        // from the browser back-forward cache.
        window.onpageshow = function(e) {
          if (e.persisted) {
            window.location.reload();
          }
        }
      </script>
    </body>
</html>
 ==> expected: <true> but was: <false>
	at it.io.openliberty.guides.security.SecurityIT.executeURL(SecurityIT.java:137)
	at it.io.openliberty.guides.security.SecurityIT.testAuthorizationForAdmin(SecurityIT.java:61)

