<?xml version="1.0" encoding="UTF-8"?>
<testsuite xmlns:xsi="http://www.w3.org/2001/XMLSchema-instance" xsi:noNamespaceSchemaLocation="https://maven.apache.org/surefire/maven-failsafe-plugin/xsd/failsafe-test-report.xsd" name="it.io.openliberty.guides.security.SecurityIT" time="20.811" tests="4" errors="0" skipped="0" failures="3">
  <properties>
[...]
</properties>
  <testcase name="testAuthorizationFail" classname="it.io.openliberty.guides.security.SecurityIT" time="17.843">
    <failure message="Expected 403 status code for login ==&gt; expected: &lt;403&gt; but was: &lt;200&gt;" type="org.opentest4j.AssertionFailedError"><![CDATA[org.opentest4j.AssertionFailedError: Expected 403 status code for login ==> expected: <403> but was: <200>
	at it.io.openliberty.guides.security.SecurityIT.executeURL(SecurityIT.java:127)
	at it.io.openliberty.guides.security.SecurityIT.testAuthorizationFail(SecurityIT.java:77)
]]></failure>
  </testcase>
  <testcase name="testAuthenticationFail" classname="it.io.openliberty.guides.security.SecurityIT" time="0.042"/>
  <testcase name="testAuthorizationForUser" classname="it.io.openliberty.guides.security.SecurityIT" time="1.758">
    <failure message="The actual content did not contain the userid &quot;alice&quot;. It was:&#10;&lt;!-- tag::comment[] --&gt;&#10;&lt;!--&#10;  Copyright (c) 2018 IBM Corporation and others.&#10;  All rights reserved. This program and the accompanying materials&#10;  are made available under the terms of the Eclipse Public License v1.0&#10;  which accompanies this distribution, and is available at&#10;  http://www.eclipse.org/legal/epl-v10.html&#10;  Contributors:&#10;      IBM Corporation - initial API and implementation&#10;--&gt;&#10;&lt;!-- end::comment[] --&gt;&#10;&lt;html&gt;&#10;    &lt;title&gt;Securing Web Application&lt;/title&gt;&#10;    &lt;body&gt;&#10;      &lt;h2&gt;Welcome to Sample Application&lt;/h2&gt;&#10;      This is a protected application. Login to continue.&#10;      &lt;FORM METHOD=POST ACTION=&quot;MyLoginController&quot;&gt;&#10;        &lt;p&gt;&#10;          &lt;BR&gt;&#10;          Username&#10;          &lt;input type=&quot;text&quot; size=&quot;20&quot; name=&quot;j_username&quot;&gt;&#10;        &lt;/p&gt;&#10;        &lt;p&gt;&#10;          &lt;BR&gt;&#10;          Captcha&#10;          &lt;input type=&quot;text&quot; size=&quot;20&quot; name=&quot;captcha&quot;&gt;        &#10;        &lt;/p&gt;&#10;        &lt;p&gt;&#10;          Password&#10;          &lt;input type=&quot;password&quot; size=&quot;20&quot; name=&quot;j_password&quot; autocomplete=&quot;off&quot;&gt;&#10;          &lt;BR&gt;&#10;          &lt;BR&gt;&#10;          &lt;input type=&quot;submit&quot; name=&quot;Go&quot; value=&quot;Go&quot;&gt;&#10;        &lt;/p&gt;&#10;      &lt;/form&gt;&#10;      &lt;script type=&quot;text/javascript&quot;&gt;&#10;        // Force safari to refresh the page&#10;        // if a cached copy was loaded&#10;        // from the browser back-forward cache.&#10;        window.onpageshow = function(e) {&#10;          if (e.persisted) {&#10;            window.location.reload();&#10;          }&#10;        }&#10;      &lt;/script&gt;&#10;    &lt;/body&gt;&#10;&lt;/html&gt;&#10; ==&gt; expected: &lt;true&gt; but was: &lt;false&gt;" type="org.opentest4j.AssertionFailedError"><![CDATA[org.opentest4j.AssertionFailedError: 
The actual content did not contain the userid "alice". It was:
<!-- tag::comment[] -->
<!--
  Copyright (c) 2018 IBM Corporation and others.
  All rights reserved. This program and the accompanying materials
  are made available under the terms of the Eclipse Public License v1.0
  which accompanies this distribution, and is available at
  http://www.eclipse.org/legal/epl-v10.html
  Contributors:
      IBM Corporation - initial API and implementation
-->
<!-- end::comment[] -->
<html>
    <title>Securing Web Application</title>
    <body>
      <h2>Welcome to Sample Application</h2>
      This is a protected application. Login to continue.
      <FORM METHOD=POST ACTION="MyLoginController">
        <p>
          <BR>
          Username
          <input type="text" size="20" name="j_username">
        </p>
        <p>
          <BR>
          Captcha
          <input type="text" size="20" name="captcha">        
        </p>
        <p>
          Password
          <input type="password" size="20" name="j_password" autocomplete="off">
          <BR>
          <BR>
          <input type="submit" name="Go" value="Go">
        </p>
      </form>
      <script type="text/javascript">
        // Force safari to refresh the page
        // if a cached copy was loaded
        // from the browser back-forward cache.
        window.onpageshow = function(e) {
          if (e.persisted) {
            window.location.reload();
          }
        }
      </script>
    </body>
</html>
 ==> expected: <true> but was: <false>
	at it.io.openliberty.guides.security.SecurityIT.executeURL(SecurityIT.java:137)
	at it.io.openliberty.guides.security.SecurityIT.testAuthorizationForUser(SecurityIT.java:69)
]]></failure>
  </testcase>
  <testcase name="testAuthorizationForAdmin" classname="it.io.openliberty.guides.security.SecurityIT" time="1.158">
    <failure message="The actual content did not contain the userid &quot;bob&quot;. It was:&#10;&lt;!-- tag::comment[] --&gt;&#10;&lt;!--&#10;  Copyright (c) 2018 IBM Corporation and others.&#10;  All rights reserved. This program and the accompanying materials&#10;  are made available under the terms of the Eclipse Public License v1.0&#10;  which accompanies this distribution, and is available at&#10;  http://www.eclipse.org/legal/epl-v10.html&#10;  Contributors:&#10;      IBM Corporation - initial API and implementation&#10;--&gt;&#10;&lt;!-- end::comment[] --&gt;&#10;&lt;html&gt;&#10;    &lt;title&gt;Securing Web Application&lt;/title&gt;&#10;    &lt;body&gt;&#10;      &lt;h2&gt;Welcome to Sample Application&lt;/h2&gt;&#10;      This is a protected application. Login to continue.&#10;      &lt;FORM METHOD=POST ACTION=&quot;MyLoginController&quot;&gt;&#10;        &lt;p&gt;&#10;          &lt;BR&gt;&#10;          Username&#10;          &lt;input type=&quot;text&quot; size=&quot;20&quot; name=&quot;j_username&quot;&gt;&#10;        &lt;/p&gt;&#10;        &lt;p&gt;&#10;          &lt;BR&gt;&#10;          Captcha&#10;          &lt;input type=&quot;text&quot; size=&quot;20&quot; name=&quot;captcha&quot;&gt;        &#10;        &lt;/p&gt;&#10;        &lt;p&gt;&#10;          Password&#10;          &lt;input type=&quot;password&quot; size=&quot;20&quot; name=&quot;j_password&quot; autocomplete=&quot;off&quot;&gt;&#10;          &lt;BR&gt;&#10;          &lt;BR&gt;&#10;          &lt;input type=&quot;submit&quot; name=&quot;Go&quot; value=&quot;Go&quot;&gt;&#10;        &lt;/p&gt;&#10;      &lt;/form&gt;&#10;      &lt;script type=&quot;text/javascript&quot;&gt;&#10;        // Force safari to refresh the page&#10;        // if a cached copy was loaded&#10;        // from the browser back-forward cache.&#10;        window.onpageshow = function(e) {&#10;          if (e.persisted) {&#10;            window.location.reload();&#10;          }&#10;        }&#10;      &lt;/script&gt;&#10;    &lt;/body&gt;&#10;&lt;/html&gt;&#10; ==&gt; expected: &lt;true&gt; but was: &lt;false&gt;" type="org.opentest4j.AssertionFailedError"><![CDATA[org.opentest4j.AssertionFailedError: 
The actual content did not contain the userid "bob". It was:
<!-- tag::comment[] -->
<!--
  Copyright (c) 2018 IBM Corporation and others.
  All rights reserved. This program and the accompanying materials
  are made available under the terms of the Eclipse Public License v1.0
  which accompanies this distribution, and is available at
  http://www.eclipse.org/legal/epl-v10.html
  Contributors:
      IBM Corporation - initial API and implementation
-->
<!-- end::comment[] -->
<html>
    <title>Securing Web Application</title>
    <body>
      <h2>Welcome to Sample Application</h2>
      This is a protected application. Login to continue.
      <FORM METHOD=POST ACTION="MyLoginController">
        <p>
          <BR>
          Username
          <input type="text" size="20" name="j_username">
        </p>
        <p>
          <BR>
          Captcha
          <input type="text" size="20" name="captcha">        
        </p>
        <p>
          Password
          <input type="password" size="20" name="j_password" autocomplete="off">
          <BR>
          <BR>
          <input type="submit" name="Go" value="Go">
        </p>
      </form>
      <script type="text/javascript">
        // Force safari to refresh the page
        // if a cached copy was loaded
        // from the browser back-forward cache.
        window.onpageshow = function(e) {
          if (e.persisted) {
            window.location.reload();
          }
        }
      </script>
    </body>
</html>
 ==> expected: <true> but was: <false>
	at it.io.openliberty.guides.security.SecurityIT.executeURL(SecurityIT.java:137)
	at it.io.openliberty.guides.security.SecurityIT.testAuthorizationForAdmin(SecurityIT.java:61)
]]></failure>
  </testcase>
</testsuite>